Содержимое лог файла:
2024-05-05 22:37:27,860 - Программа запущена.
2024-05-05 22:37:30,914 - Получен текст для кодировки в Юникод:
2024-05-05 22:37:30,915 - Коды Хаффмана успешно сгенерированы.
2024-05-05 22:37:30,915 - Текст успешно закодирован с помощью Хемминга.
2024-05-05 22:37:30,915 - Код Хемминга успешно подвергнут воздействию шума.
2024-05-05 22:37:30,916 - Код Хемминга успешно декодирован.
2024-05-05 22:37:30,916 - Расшифрованное сообщение успешно зашифровано с помощью Хаффмана.
2024-05-05 22:37:30,917 - Расшифрованное сообщение успешно выведено на экран.
2024-05-05 22:37:30,918 - Программа запущена.
2024-05-05 22:38:41,134 - Пользователь выполнил опцию 5
2024-05-05 22:38:41,134 - Программа запущена.
2024-05-05 22:38:48,246 - Получен текст для кодировки в Юникод:
2024-05-05 22:38:48,246 - Коды Хаффмана успешно сгенерированы.
2024-05-05 22:38:48,246 - Текст успешно закодирован с помощью Хемминга.
2024-05-05 22:38:48,246 - Код Хемминга успешно подвергнут воздействию шума.
2024-05-05 22:38:48,246 - Код Хемминга успешно декодирован.
2024-05-05 22:38:48,246 - Расшифрованное сообщение успешно зашифровано с помощью Хаффмана.
2024-05-05 22:38:48,246 - Расшифрованное сообщение успешно выведено на экран.
2024-05-05 22:38:48,263 - Программа запущена.
2024-05-05 22:39:57,426 - Пользователь выполнил опцию 5
2024-05-05 22:39:57,426 - Программа запущена.
2024-05-05 22:40:00,448 - Получен текст для кодировки в Юникод:
2024-05-05 22:40:00,448 - Коды Хаффмана успешно сгенерированы.
2024-05-05 22:40:00,449 - Текст успешно закодирован с помощью Хемминга.
2024-05-05 22:40:00,450 - Код Хемминга успешно подвергнут воздействию шума.
2024-05-05 22:40:00,451 - Код Хемминга успешно декодирован.
2024-05-05 22:40:00,451 - Расшифрованное сообщение успешно зашифровано с помощью Хаффмана.
2024-05-05 22:40:00,452 - Расшифрованное сообщение успешно выведено на экран.
2024-05-05 22:40:00,453 - Программа запущена.
2024-05-05 22:40:33,295 - Программа запущена.
2024-05-05 22:40:37,775 - Получен текст для кодировки в Юникод:
2024-05-05 22:40:37,775 - Коды Хаффмана успешно сгенерированы.
2024-05-05 22:40:37,776 - Текст успешно закодирован с помощью Хемминга.
2024-05-05 22:40:37,777 - Код Хемминга успешно подвергнут воздействию шума.
2024-05-05 22:40:37,777 - Код Хемминга успешно декодирован.
2024-05-05 22:40:37,778 - Расшифрованное сообщение успешно зашифровано с помощью Хаффмана.
2024-05-05 22:40:37,778 - Расшифрованное сообщение успешно выведено на экран.
2024-05-05 22:40:37,781 - Программа запущена.
2024-05-05 22:42:46,150 - Программа запущена.
2024-05-05 22:42:48,364 - Получен текст для кодировки в Юникод:
2024-05-05 22:42:48,364 - Коды Хаффмана успешно сгенерированы.
2024-05-05 22:42:48,365 - Текст успешно закодирован с помощью Хемминга.
2024-05-05 22:42:48,365 - Код Хемминга успешно подвергнут воздействию шума.
2024-05-05 22:42:48,366 - Код Хемминга успешно декодирован.
2024-05-05 22:42:48,367 - Расшифрованное сообщение успешно зашифровано с помощью Хаффмана.
2024-05-05 22:42:48,367 - Расшифрованное сообщение успешно выведено на экран.
